2026-05-24 14:55:01 [ERROR]: Operation `users.findOne()` buffering timed out after 10000ms
MongooseError: Operation `users.findOne()` buffering timed out after 10000ms
    at Timeout._onTimeout (C:\nodejsservers\worknoon-chat-backend\node_modules\mongoose\lib\drivers\node-mongodb-native\collection.js:142:25)
    at listOnTimeout (node:internal/timers:605:17)
    at process.processTimers (node:internal/timers:541:7) {"route":"/api/auth/login","method":"POST"}
2026-05-24 15:46:29 [ERROR]: Send message error: Cannot read properties of null (reading 'toString')
TypeError: Cannot read properties of null (reading 'toString')
    at C:\nodejsservers\worknoon-chat-backend\server.js:109:66
    at Array.filter (<anonymous>)
    at methods.<computed> (C:\nodejsservers\worknoon-chat-backend\node_modules\mongoose\lib\types\array\methods\index.js:1091:24)
    at Socket.<anonymous> (C:\nodejsservers\worknoon-chat-backend\server.js:109:52)
    at process.processTicksAndRejections (node:internal/process/task_queues:103:5)
2026-05-24 15:47:18 [ERROR]: Send message error: Cannot read properties of null (reading 'toString')
TypeError: Cannot read properties of null (reading 'toString')
    at C:\nodejsservers\worknoon-chat-backend\server.js:109:66
    at Array.filter (<anonymous>)
    at methods.<computed> (C:\nodejsservers\worknoon-chat-backend\node_modules\mongoose\lib\types\array\methods\index.js:1091:24)
    at Socket.<anonymous> (C:\nodejsservers\worknoon-chat-backend\server.js:109:52)
    at process.processTicksAndRejections (node:internal/process/task_queues:103:5)
2026-05-24 15:52:18 [ERROR]: Send message error: Cannot read properties of null (reading 'toString')
TypeError: Cannot read properties of null (reading 'toString')
    at C:\nodejsservers\worknoon-chat-backend\server.js:109:66
    at Array.filter (<anonymous>)
    at methods.<computed> (C:\nodejsservers\worknoon-chat-backend\node_modules\mongoose\lib\types\array\methods\index.js:1091:24)
    at Socket.<anonymous> (C:\nodejsservers\worknoon-chat-backend\server.js:109:52)
    at process.processTicksAndRejections (node:internal/process/task_queues:103:5)
2026-05-24 16:00:38 [ERROR]: Send message error: Cannot read properties of null (reading 'toString')
TypeError: Cannot read properties of null (reading 'toString')
    at C:\nodejsservers\worknoon-chat-backend\server.js:109:66
    at Array.filter (<anonymous>)
    at methods.<computed> (C:\nodejsservers\worknoon-chat-backend\node_modules\mongoose\lib\types\array\methods\index.js:1091:24)
    at Socket.<anonymous> (C:\nodejsservers\worknoon-chat-backend\server.js:109:52)
    at process.processTicksAndRejections (node:internal/process/task_queues:103:5)
2026-05-24 16:27:14 [ERROR]: Unhandled Rejection: read ECONNRESET
2026-05-24 16:27:14 [ERROR]: MongoNetworkError: read ECONNRESET
    at Connection.onSocketError (C:\nodejsservers\worknoon-chat-backend\node_modules\mongodb\lib\cmap\connection.js:124:22)
    at TLSSocket.emit (node:events:520:35)
    at emitErrorNT (node:internal/streams/destroy:170:8)
    at emitErrorCloseNT (node:internal/streams/destroy:129:3)
    at process.processTicksAndRejections (node:internal/process/task_queues:89:21)
2026-05-24 16:27:47 [ERROR]: Unhandled Rejection: getaddrinfo ENOTFOUND ac-blxffz2-shard-00-01.gqcrdvt.mongodb.net
2026-05-24 16:27:47 [ERROR]: MongoServerSelectionError: getaddrinfo ENOTFOUND ac-blxffz2-shard-00-01.gqcrdvt.mongodb.net
    at Topology.selectServer (C:\nodejsservers\worknoon-chat-backend\node_modules\mongodb\lib\sdam\topology.js:348:38)
    at async executeOperationWithRetries (C:\nodejsservers\worknoon-chat-backend\node_modules\mongodb\lib\operations\execute_operation.js:157:18)
    at async executeOperation (C:\nodejsservers\worknoon-chat-backend\node_modules\mongodb\lib\operations\execute_operation.js:83:16)
    at async Collection.findOneAndUpdate (C:\nodejsservers\worknoon-chat-backend\node_modules\mongodb\lib\collection.js:544:16)
    at async model.Query._findOneAndUpdate (C:\nodejsservers\worknoon-chat-backend\node_modules\mongoose\lib\query.js:3621:13)
    at async model.Query.exec (C:\nodejsservers\worknoon-chat-backend\node_modules\mongoose\lib\query.js:4797:63)
    at async Socket.<anonymous> (C:\nodejsservers\worknoon-chat-backend\server.js:132:7)
2026-05-24 16:27:49 [ERROR]: Unhandled Rejection: getaddrinfo ENOTFOUND ac-blxffz2-shard-00-01.gqcrdvt.mongodb.net
2026-05-24 16:27:49 [ERROR]: MongoServerSelectionError: getaddrinfo ENOTFOUND ac-blxffz2-shard-00-01.gqcrdvt.mongodb.net
    at Topology.selectServer (C:\nodejsservers\worknoon-chat-backend\node_modules\mongodb\lib\sdam\topology.js:348:38)
    at async executeOperationWithRetries (C:\nodejsservers\worknoon-chat-backend\node_modules\mongodb\lib\operations\execute_operation.js:157:18)
    at async executeOperation (C:\nodejsservers\worknoon-chat-backend\node_modules\mongodb\lib\operations\execute_operation.js:83:16)
    at async Collection.findOneAndUpdate (C:\nodejsservers\worknoon-chat-backend\node_modules\mongodb\lib\collection.js:544:16)
    at async model.Query._findOneAndUpdate (C:\nodejsservers\worknoon-chat-backend\node_modules\mongoose\lib\query.js:3621:13)
    at async model.Query.exec (C:\nodejsservers\worknoon-chat-backend\node_modules\mongoose\lib\query.js:4797:63)
    at async Socket.<anonymous> (C:\nodejsservers\worknoon-chat-backend\server.js:71:5)
2026-05-24 16:28:23 [ERROR]: Unhandled Rejection: connection <monitor> to 65.62.0.16:27017 closed
2026-05-24 16:28:23 [ERROR]: MongoServerSelectionError: connection <monitor> to 65.62.0.16:27017 closed
    at Topology.selectServer (C:\nodejsservers\worknoon-chat-backend\node_modules\mongodb\lib\sdam\topology.js:348:38)
    at runNextTicks (node:internal/process/task_queues:64:5)
    at process.processTimers (node:internal/timers:538:9)
    at async executeOperationWithRetries (C:\nodejsservers\worknoon-chat-backend\node_modules\mongodb\lib\operations\execute_operation.js:157:18)
    at async executeOperation (C:\nodejsservers\worknoon-chat-backend\node_modules\mongodb\lib\operations\execute_operation.js:83:16)
    at async Collection.findOneAndUpdate (C:\nodejsservers\worknoon-chat-backend\node_modules\mongodb\lib\collection.js:544:16)
    at async model.Query._findOneAndUpdate (C:\nodejsservers\worknoon-chat-backend\node_modules\mongoose\lib\query.js:3621:13)
    at async model.Query.exec (C:\nodejsservers\worknoon-chat-backend\node_modules\mongoose\lib\query.js:4797:63)
    at async Socket.<anonymous> (C:\nodejsservers\worknoon-chat-backend\server.js:132:7)
2026-05-24 16:38:04 [ERROR]: Unhandled Rejection: connection <monitor> to 65.62.0.16:27017 closed
2026-05-24 16:38:04 [ERROR]: MongoServerSelectionError: connection <monitor> to 65.62.0.16:27017 closed
    at Topology.selectServer (C:\nodejsservers\worknoon-chat-backend\node_modules\mongodb\lib\sdam\topology.js:348:38)
    at runNextTicks (node:internal/process/task_queues:64:5)
    at listOnTimeout (node:internal/timers:567:9)
    at process.processTimers (node:internal/timers:541:7)
    at async executeOperationWithRetries (C:\nodejsservers\worknoon-chat-backend\node_modules\mongodb\lib\operations\execute_operation.js:260:22)
    at async executeOperation (C:\nodejsservers\worknoon-chat-backend\node_modules\mongodb\lib\operations\execute_operation.js:83:16)
    at async Collection.findOneAndUpdate (C:\nodejsservers\worknoon-chat-backend\node_modules\mongodb\lib\collection.js:544:16)
    at async model.Query._findOneAndUpdate (C:\nodejsservers\worknoon-chat-backend\node_modules\mongoose\lib\query.js:3621:13)
    at async model.Query.exec (C:\nodejsservers\worknoon-chat-backend\node_modules\mongoose\lib\query.js:4797:63)
    at async Socket.<anonymous> (C:\nodejsservers\worknoon-chat-backend\server.js:71:5)
2026-05-24 16:38:04 [ERROR]: Unhandled Rejection: connection <monitor> to 65.62.0.16:27017 closed
2026-05-24 16:38:04 [ERROR]: MongoServerSelectionError: connection <monitor> to 65.62.0.16:27017 closed
    at Topology.selectServer (C:\nodejsservers\worknoon-chat-backend\node_modules\mongodb\lib\sdam\topology.js:348:38)
    at async executeOperationWithRetries (C:\nodejsservers\worknoon-chat-backend\node_modules\mongodb\lib\operations\execute_operation.js:260:22)
    at async executeOperation (C:\nodejsservers\worknoon-chat-backend\node_modules\mongodb\lib\operations\execute_operation.js:83:16)
    at async Collection.findOneAndUpdate (C:\nodejsservers\worknoon-chat-backend\node_modules\mongodb\lib\collection.js:544:16)
    at async model.Query._findOneAndUpdate (C:\nodejsservers\worknoon-chat-backend\node_modules\mongoose\lib\query.js:3621:13)
    at async model.Query.exec (C:\nodejsservers\worknoon-chat-backend\node_modules\mongoose\lib\query.js:4797:63)
    at async Socket.<anonymous> (C:\nodejsservers\worknoon-chat-backend\server.js:71:5)
2026-05-24 16:38:12 [ERROR]: Unhandled Rejection: connection <monitor> to 65.62.0.16:27017 closed
2026-05-24 16:38:12 [ERROR]: MongoServerSelectionError: connection <monitor> to 65.62.0.16:27017 closed
    at Topology.selectServer (C:\nodejsservers\worknoon-chat-backend\node_modules\mongodb\lib\sdam\topology.js:348:38)
    at async executeOperationWithRetries (C:\nodejsservers\worknoon-chat-backend\node_modules\mongodb\lib\operations\execute_operation.js:260:22)
    at async executeOperation (C:\nodejsservers\worknoon-chat-backend\node_modules\mongodb\lib\operations\execute_operation.js:83:16)
    at async Collection.findOneAndUpdate (C:\nodejsservers\worknoon-chat-backend\node_modules\mongodb\lib\collection.js:544:16)
    at async model.Query._findOneAndUpdate (C:\nodejsservers\worknoon-chat-backend\node_modules\mongoose\lib\query.js:3621:13)
    at async model.Query.exec (C:\nodejsservers\worknoon-chat-backend\node_modules\mongoose\lib\query.js:4797:63)
    at async Socket.<anonymous> (C:\nodejsservers\worknoon-chat-backend\server.js:132:7)
2026-05-24 17:31:28 [ERROR]: Uncaught Exception: auth is not defined
ReferenceError: auth is not defined
    at Object.<anonymous> (C:\nodejsservers\worknoon-chat-backend\routes\auth.js:79:24)
    at Module._compile (node:internal/modules/cjs/loader:1760:14)
    at Object..js (node:internal/modules/cjs/loader:1892:10)
    at Module.load (node:internal/modules/cjs/loader:1480:32)
    at Module._load (node:internal/modules/cjs/loader:1299:12)
    at TracingChannel.traceSync (node:diagnostics_channel:328:14)
    at wrapModuleLoad (node:internal/modules/cjs/loader:245:24)
    at Module.require (node:internal/modules/cjs/loader:1503:12)
    at require (node:internal/modules/helpers:152:16)
    at Object.<anonymous> (C:\nodejsservers\worknoon-chat-backend\server.js:146:22)
2026-05-24 17:32:09 [ERROR]: MongoDB connection error: Could not connect to any servers in your MongoDB Atlas cluster. One common reason is that you're trying to access the database from an IP that isn't whitelisted. Make sure your current IP address is on your Atlas cluster's IP whitelist: https://www.mongodb.com/docs/atlas/security-whitelist/
MongooseServerSelectionError: Could not connect to any servers in your MongoDB Atlas cluster. One common reason is that you're trying to access the database from an IP that isn't whitelisted. Make sure your current IP address is on your Atlas cluster's IP whitelist: https://www.mongodb.com/docs/atlas/security-whitelist/
    at _handleConnectionErrors (C:\nodejsservers\worknoon-chat-backend\node_modules\mongoose\lib\connection.js:1180:11)
    at NativeConnection.openUri (C:\nodejsservers\worknoon-chat-backend\node_modules\mongoose\lib\connection.js:1111:11) {"errorLabelSet":{},"reason":{"type":"ReplicaSetNoPrimary","servers":{"ac-blxffz2-shard-00-00.gqcrdvt.mongodb.net:27017":{"address":"ac-blxffz2-shard-00-00.gqcrdvt.mongodb.net:27017","type":"Unknown","hosts":[],"passives":[],"arbiters":[],"tags":{},"minWireVersion":0,"maxWireVersion":0,"roundTripTime":-1,"minRoundTripTime":0,"lastUpdateTime":30537,"lastWriteDate":0,"error":{"errorLabelSet":{},"beforeHandshake":false},"topologyVersion":null,"setName":null,"setVersion":null,"electionId":null,"logicalSessionTimeoutMinutes":null,"maxMessageSizeBytes":null,"maxWriteBatchSize":null,"maxBsonObjectSize":null,"primary":null,"me":null,"$clusterTime":null,"iscryptd":false},"ac-blxffz2-shard-00-01.gqcrdvt.mongodb.net:27017":{"address":"ac-blxffz2-shard-00-01.gqcrdvt.mongodb.net:27017","type":"Unknown","hosts":[],"passives":[],"arbiters":[],"tags":{},"minWireVersion":0,"maxWireVersion":0,"roundTripTime":-1,"minRoundTripTime":0,"lastUpdateTime":30546,"lastWriteDate":0,"error":{"errorLabelSet":{},"beforeHandshake":false},"topologyVersion":null,"setName":null,"setVersion":null,"electionId":null,"logicalSessionTimeoutMinutes":null,"maxMessageSizeBytes":null,"maxWriteBatchSize":null,"maxBsonObjectSize":null,"primary":null,"me":null,"$clusterTime":null,"iscryptd":false},"ac-blxffz2-shard-00-02.gqcrdvt.mongodb.net:27017":{"address":"ac-blxffz2-shard-00-02.gqcrdvt.mongodb.net:27017","type":"Unknown","hosts":[],"passives":[],"arbiters":[],"tags":{},"minWireVersion":0,"maxWireVersion":0,"roundTripTime":-1,"minRoundTripTime":0,"lastUpdateTime":41844,"lastWriteDate":0,"error":{"errorLabelSet":{},"beforeHandshake":false},"topologyVersion":null,"setName":null,"setVersion":null,"electionId":null,"logicalSessionTimeoutMinutes":null,"maxMessageSizeBytes":null,"maxWriteBatchSize":null,"maxBsonObjectSize":null,"primary":null,"me":null,"$clusterTime":null,"iscryptd":false}},"stale":false,"compatible":true,"heartbeatFrequencyMS":10000,"localThresholdMS":15,"setName":"atlas-3h6xgi-shard-0","maxElectionId":null,"maxSetVersion":null,"commonWireVersion":0,"logicalSessionTimeoutMinutes":null},"cause":{"type":"ReplicaSetNoPrimary","servers":{"ac-blxffz2-shard-00-00.gqcrdvt.mongodb.net:27017":{"address":"ac-blxffz2-shard-00-00.gqcrdvt.mongodb.net:27017","type":"Unknown","hosts":[],"passives":[],"arbiters":[],"tags":{},"minWireVersion":0,"maxWireVersion":0,"roundTripTime":-1,"minRoundTripTime":0,"lastUpdateTime":30537,"lastWriteDate":0,"error":{"errorLabelSet":{},"beforeHandshake":false},"topologyVersion":null,"setName":null,"setVersion":null,"electionId":null,"logicalSessionTimeoutMinutes":null,"maxMessageSizeBytes":null,"maxWriteBatchSize":null,"maxBsonObjectSize":null,"primary":null,"me":null,"$clusterTime":null,"iscryptd":false},"ac-blxffz2-shard-00-01.gqcrdvt.mongodb.net:27017":{"address":"ac-blxffz2-shard-00-01.gqcrdvt.mongodb.net:27017","type":"Unknown","hosts":[],"passives":[],"arbiters":[],"tags":{},"minWireVersion":0,"maxWireVersion":0,"roundTripTime":-1,"minRoundTripTime":0,"lastUpdateTime":30546,"lastWriteDate":0,"error":{"errorLabelSet":{},"beforeHandshake":false},"topologyVersion":null,"setName":null,"setVersion":null,"electionId":null,"logicalSessionTimeoutMinutes":null,"maxMessageSizeBytes":null,"maxWriteBatchSize":null,"maxBsonObjectSize":null,"primary":null,"me":null,"$clusterTime":null,"iscryptd":false},"ac-blxffz2-shard-00-02.gqcrdvt.mongodb.net:27017":{"address":"ac-blxffz2-shard-00-02.gqcrdvt.mongodb.net:27017","type":"Unknown","hosts":[],"passives":[],"arbiters":[],"tags":{},"minWireVersion":0,"maxWireVersion":0,"roundTripTime":-1,"minRoundTripTime":0,"lastUpdateTime":41844,"lastWriteDate":0,"error":{"errorLabelSet":{},"beforeHandshake":false},"topologyVersion":null,"setName":null,"setVersion":null,"electionId":null,"logicalSessionTimeoutMinutes":null,"maxMessageSizeBytes":null,"maxWriteBatchSize":null,"maxBsonObjectSize":null,"primary":null,"me":null,"$clusterTime":null,"iscryptd":false}},"stale":false,"compatible":true,"heartbeatFrequencyMS":10000,"localThresholdMS":15,"setName":"atlas-3h6xgi-shard-0","maxElectionId":null,"maxSetVersion":null,"commonWireVersion":0,"logicalSessionTimeoutMinutes":null}}
2026-05-24 22:35:15 [ERROR]: MongoDB connection error: Could not connect to any servers in your MongoDB Atlas cluster. One common reason is that you're trying to access the database from an IP that isn't whitelisted. Make sure your current IP address is on your Atlas cluster's IP whitelist: https://www.mongodb.com/docs/atlas/security-whitelist/
MongooseServerSelectionError: Could not connect to any servers in your MongoDB Atlas cluster. One common reason is that you're trying to access the database from an IP that isn't whitelisted. Make sure your current IP address is on your Atlas cluster's IP whitelist: https://www.mongodb.com/docs/atlas/security-whitelist/
    at _handleConnectionErrors (C:\nodejsservers\worknoon-chat-backend\node_modules\mongoose\lib\connection.js:1180:11)
    at NativeConnection.openUri (C:\nodejsservers\worknoon-chat-backend\node_modules\mongoose\lib\connection.js:1111:11) {"errorLabelSet":{},"reason":{"type":"ReplicaSetNoPrimary","servers":{"ac-blxffz2-shard-00-01.gqcrdvt.mongodb.net:27017":{"address":"ac-blxffz2-shard-00-01.gqcrdvt.mongodb.net:27017","type":"Unknown","hosts":[],"passives":[],"arbiters":[],"tags":{},"minWireVersion":0,"maxWireVersion":0,"roundTripTime":-1,"minRoundTripTime":0,"lastUpdateTime":142077,"lastWriteDate":0,"error":{"errorLabelSet":{},"beforeHandshake":false},"topologyVersion":null,"setName":null,"setVersion":null,"electionId":null,"logicalSessionTimeoutMinutes":null,"maxMessageSizeBytes":null,"maxWriteBatchSize":null,"maxBsonObjectSize":null,"primary":null,"me":null,"$clusterTime":null,"iscryptd":false},"ac-blxffz2-shard-00-02.gqcrdvt.mongodb.net:27017":{"address":"ac-blxffz2-shard-00-02.gqcrdvt.mongodb.net:27017","type":"Unknown","hosts":[],"passives":[],"arbiters":[],"tags":{},"minWireVersion":0,"maxWireVersion":0,"roundTripTime":-1,"minRoundTripTime":0,"lastUpdateTime":142120,"lastWriteDate":0,"error":{"errorLabelSet":{},"beforeHandshake":false},"topologyVersion":null,"setName":null,"setVersion":null,"electionId":null,"logicalSessionTimeoutMinutes":null,"maxMessageSizeBytes":null,"maxWriteBatchSize":null,"maxBsonObjectSize":null,"primary":null,"me":null,"$clusterTime":null,"iscryptd":false},"ac-blxffz2-shard-00-00.gqcrdvt.mongodb.net:27017":{"address":"ac-blxffz2-shard-00-00.gqcrdvt.mongodb.net:27017","type":"Unknown","hosts":[],"passives":[],"arbiters":[],"tags":{},"minWireVersion":0,"maxWireVersion":0,"roundTripTime":-1,"minRoundTripTime":0,"lastUpdateTime":142104,"lastWriteDate":0,"error":{"errorLabelSet":{},"beforeHandshake":false},"topologyVersion":null,"setName":null,"setVersion":null,"electionId":null,"logicalSessionTimeoutMinutes":null,"maxMessageSizeBytes":null,"maxWriteBatchSize":null,"maxBsonObjectSize":null,"primary":null,"me":null,"$clusterTime":null,"iscryptd":false}},"stale":false,"compatible":true,"heartbeatFrequencyMS":10000,"localThresholdMS":15,"setName":"atlas-3h6xgi-shard-0","maxElectionId":null,"maxSetVersion":null,"commonWireVersion":0,"logicalSessionTimeoutMinutes":null},"cause":{"type":"ReplicaSetNoPrimary","servers":{"ac-blxffz2-shard-00-01.gqcrdvt.mongodb.net:27017":{"address":"ac-blxffz2-shard-00-01.gqcrdvt.mongodb.net:27017","type":"Unknown","hosts":[],"passives":[],"arbiters":[],"tags":{},"minWireVersion":0,"maxWireVersion":0,"roundTripTime":-1,"minRoundTripTime":0,"lastUpdateTime":142077,"lastWriteDate":0,"error":{"errorLabelSet":{},"beforeHandshake":false},"topologyVersion":null,"setName":null,"setVersion":null,"electionId":null,"logicalSessionTimeoutMinutes":null,"maxMessageSizeBytes":null,"maxWriteBatchSize":null,"maxBsonObjectSize":null,"primary":null,"me":null,"$clusterTime":null,"iscryptd":false},"ac-blxffz2-shard-00-02.gqcrdvt.mongodb.net:27017":{"address":"ac-blxffz2-shard-00-02.gqcrdvt.mongodb.net:27017","type":"Unknown","hosts":[],"passives":[],"arbiters":[],"tags":{},"minWireVersion":0,"maxWireVersion":0,"roundTripTime":-1,"minRoundTripTime":0,"lastUpdateTime":142120,"lastWriteDate":0,"error":{"errorLabelSet":{},"beforeHandshake":false},"topologyVersion":null,"setName":null,"setVersion":null,"electionId":null,"logicalSessionTimeoutMinutes":null,"maxMessageSizeBytes":null,"maxWriteBatchSize":null,"maxBsonObjectSize":null,"primary":null,"me":null,"$clusterTime":null,"iscryptd":false},"ac-blxffz2-shard-00-00.gqcrdvt.mongodb.net:27017":{"address":"ac-blxffz2-shard-00-00.gqcrdvt.mongodb.net:27017","type":"Unknown","hosts":[],"passives":[],"arbiters":[],"tags":{},"minWireVersion":0,"maxWireVersion":0,"roundTripTime":-1,"minRoundTripTime":0,"lastUpdateTime":142104,"lastWriteDate":0,"error":{"errorLabelSet":{},"beforeHandshake":false},"topologyVersion":null,"setName":null,"setVersion":null,"electionId":null,"logicalSessionTimeoutMinutes":null,"maxMessageSizeBytes":null,"maxWriteBatchSize":null,"maxBsonObjectSize":null,"primary":null,"me":null,"$clusterTime":null,"iscryptd":false}},"stale":false,"compatible":true,"heartbeatFrequencyMS":10000,"localThresholdMS":15,"setName":"atlas-3h6xgi-shard-0","maxElectionId":null,"maxSetVersion":null,"commonWireVersion":0,"logicalSessionTimeoutMinutes":null}}
2026-05-24 22:46:57 [ERROR]: Operation `users.findOne()` buffering timed out after 10000ms
MongooseError: Operation `users.findOne()` buffering timed out after 10000ms
    at Timeout._onTimeout (C:\nodejsservers\worknoon-chat-backend\node_modules\mongoose\lib\drivers\node-mongodb-native\collection.js:142:25)
    at listOnTimeout (node:internal/timers:605:17)
    at process.processTimers (node:internal/timers:541:7) {"route":"/api/auth/login","method":"POST"}
2026-05-24 22:48:04 [ERROR]: MongoDB connection error: Could not connect to any servers in your MongoDB Atlas cluster. One common reason is that you're trying to access the database from an IP that isn't whitelisted. Make sure your current IP address is on your Atlas cluster's IP whitelist: https://www.mongodb.com/docs/atlas/security-whitelist/
MongooseServerSelectionError: Could not connect to any servers in your MongoDB Atlas cluster. One common reason is that you're trying to access the database from an IP that isn't whitelisted. Make sure your current IP address is on your Atlas cluster's IP whitelist: https://www.mongodb.com/docs/atlas/security-whitelist/
    at _handleConnectionErrors (C:\nodejsservers\worknoon-chat-backend\node_modules\mongoose\lib\connection.js:1180:11)
    at NativeConnection.openUri (C:\nodejsservers\worknoon-chat-backend\node_modules\mongoose\lib\connection.js:1111:11) {"errorLabelSet":{},"reason":{"type":"ReplicaSetNoPrimary","servers":{"ac-blxffz2-shard-00-02.gqcrdvt.mongodb.net:27017":{"address":"ac-blxffz2-shard-00-02.gqcrdvt.mongodb.net:27017","type":"Unknown","hosts":[],"passives":[],"arbiters":[],"tags":{},"minWireVersion":0,"maxWireVersion":0,"roundTripTime":-1,"minRoundTripTime":0,"lastUpdateTime":32672,"lastWriteDate":0,"error":{"errorLabelSet":{},"beforeHandshake":false},"topologyVersion":null,"setName":null,"setVersion":null,"electionId":null,"logicalSessionTimeoutMinutes":null,"maxMessageSizeBytes":null,"maxWriteBatchSize":null,"maxBsonObjectSize":null,"primary":null,"me":null,"$clusterTime":null,"iscryptd":false},"ac-blxffz2-shard-00-01.gqcrdvt.mongodb.net:27017":{"address":"ac-blxffz2-shard-00-01.gqcrdvt.mongodb.net:27017","type":"Unknown","hosts":[],"passives":[],"arbiters":[],"tags":{},"minWireVersion":0,"maxWireVersion":0,"roundTripTime":-1,"minRoundTripTime":0,"lastUpdateTime":32684,"lastWriteDate":0,"error":{"errorLabelSet":{},"beforeHandshake":false},"topologyVersion":null,"setName":null,"setVersion":null,"electionId":null,"logicalSessionTimeoutMinutes":null,"maxMessageSizeBytes":null,"maxWriteBatchSize":null,"maxBsonObjectSize":null,"primary":null,"me":null,"$clusterTime":null,"iscryptd":false},"ac-blxffz2-shard-00-00.gqcrdvt.mongodb.net:27017":{"address":"ac-blxffz2-shard-00-00.gqcrdvt.mongodb.net:27017","type":"Unknown","hosts":[],"passives":[],"arbiters":[],"tags":{},"minWireVersion":0,"maxWireVersion":0,"roundTripTime":-1,"minRoundTripTime":0,"lastUpdateTime":30075,"lastWriteDate":0,"error":{"errorLabelSet":{},"beforeHandshake":false},"topologyVersion":null,"setName":null,"setVersion":null,"electionId":null,"logicalSessionTimeoutMinutes":null,"maxMessageSizeBytes":null,"maxWriteBatchSize":null,"maxBsonObjectSize":null,"primary":null,"me":null,"$clusterTime":null,"iscryptd":false}},"stale":false,"compatible":true,"heartbeatFrequencyMS":10000,"localThresholdMS":15,"setName":"atlas-3h6xgi-shard-0","maxElectionId":null,"maxSetVersion":null,"commonWireVersion":0,"logicalSessionTimeoutMinutes":null},"cause":{"type":"ReplicaSetNoPrimary","servers":{"ac-blxffz2-shard-00-02.gqcrdvt.mongodb.net:27017":{"address":"ac-blxffz2-shard-00-02.gqcrdvt.mongodb.net:27017","type":"Unknown","hosts":[],"passives":[],"arbiters":[],"tags":{},"minWireVersion":0,"maxWireVersion":0,"roundTripTime":-1,"minRoundTripTime":0,"lastUpdateTime":32672,"lastWriteDate":0,"error":{"errorLabelSet":{},"beforeHandshake":false},"topologyVersion":null,"setName":null,"setVersion":null,"electionId":null,"logicalSessionTimeoutMinutes":null,"maxMessageSizeBytes":null,"maxWriteBatchSize":null,"maxBsonObjectSize":null,"primary":null,"me":null,"$clusterTime":null,"iscryptd":false},"ac-blxffz2-shard-00-01.gqcrdvt.mongodb.net:27017":{"address":"ac-blxffz2-shard-00-01.gqcrdvt.mongodb.net:27017","type":"Unknown","hosts":[],"passives":[],"arbiters":[],"tags":{},"minWireVersion":0,"maxWireVersion":0,"roundTripTime":-1,"minRoundTripTime":0,"lastUpdateTime":32684,"lastWriteDate":0,"error":{"errorLabelSet":{},"beforeHandshake":false},"topologyVersion":null,"setName":null,"setVersion":null,"electionId":null,"logicalSessionTimeoutMinutes":null,"maxMessageSizeBytes":null,"maxWriteBatchSize":null,"maxBsonObjectSize":null,"primary":null,"me":null,"$clusterTime":null,"iscryptd":false},"ac-blxffz2-shard-00-00.gqcrdvt.mongodb.net:27017":{"address":"ac-blxffz2-shard-00-00.gqcrdvt.mongodb.net:27017","type":"Unknown","hosts":[],"passives":[],"arbiters":[],"tags":{},"minWireVersion":0,"maxWireVersion":0,"roundTripTime":-1,"minRoundTripTime":0,"lastUpdateTime":30075,"lastWriteDate":0,"error":{"errorLabelSet":{},"beforeHandshake":false},"topologyVersion":null,"setName":null,"setVersion":null,"electionId":null,"logicalSessionTimeoutMinutes":null,"maxMessageSizeBytes":null,"maxWriteBatchSize":null,"maxBsonObjectSize":null,"primary":null,"me":null,"$clusterTime":null,"iscryptd":false}},"stale":false,"compatible":true,"heartbeatFrequencyMS":10000,"localThresholdMS":15,"setName":"atlas-3h6xgi-shard-0","maxElectionId":null,"maxSetVersion":null,"commonWireVersion":0,"logicalSessionTimeoutMinutes":null}}
2026-05-24 22:48:11 [ERROR]: Operation `users.findOne()` buffering timed out after 10000ms
MongooseError: Operation `users.findOne()` buffering timed out after 10000ms
    at Timeout._onTimeout (C:\nodejsservers\worknoon-chat-backend\node_modules\mongoose\lib\drivers\node-mongodb-native\collection.js:142:25)
    at listOnTimeout (node:internal/timers:605:17)
    at process.processTimers (node:internal/timers:541:7) {"route":"/api/auth/login","method":"POST"}
